<?xml version="1.0" encoding="UTF-8" standalone="no"?>
<!DOCTYPE log SYSTEM "logger.dtd">
<log>
<record>
  <date>2019-04-03T14:54:50</date>
  <millis>1554278090049</millis>
  <sequence>0</sequence>
  <level>START</level>
  <class>com.kms.katalon.core.logging.XmlKeywordLogger</class>
  <method>startSuite</method>
  <thread>1</thread>
  <message>Start Test Suite : Test Suites/Company06-07-08-09</message>
  <nestedLevel>0</nestedLevel>
  <property name="name">Company06-07-08-09</property>
  <property name="description"></property>
  <property name="id">Test Suites/Company06-07-08-09</property>
</record>
<record>
  <date>2019-04-03T14:54:50</date>
  <millis>1554278090082</millis>
  <sequence>1</sequence>
  <level>RUN_DATA</level>
  <class>com.kms.katalon.core.logging.XmlKeywordLogger</class>
  <method>logMessage</method>
  <thread>1</thread>
  <message>hostName = Ninja - AnhNVSE63446</message>
  <nestedLevel>0</nestedLevel>
  <property name="hostName">Ninja - AnhNVSE63446</property>
</record>
<record>
  <date>2019-04-03T14:54:50</date>
  <millis>1554278090084</millis>
  <sequence>2</sequence>
  <level>RUN_DATA</level>
  <class>com.kms.katalon.core.logging.XmlKeywordLogger</class>
  <method>logMessage</method>
  <thread>1</thread>
  <message>os = Windows 10 64bit</message>
  <nestedLevel>0</nestedLevel>
  <property name="os">Windows 10 64bit</property>
</record>
<record>
  <date>2019-04-03T14:54:50</date>
  <millis>1554278090084</millis>
  <sequence>3</sequence>
  <level>RUN_DATA</level>
  <class>com.kms.katalon.core.logging.XmlKeywordLogger</class>
  <method>logMessage</method>
  <thread>1</thread>
  <message>hostAddress = 192.168.175.1</message>
  <nestedLevel>0</nestedLevel>
  <property name="hostAddress">192.168.175.1</property>
</record>
<record>
  <date>2019-04-03T14:54:50</date>
  <millis>1554278090099</millis>
  <sequence>4</sequence>
  <level>RUN_DATA</level>
  <class>com.kms.katalon.core.logging.XmlKeywordLogger</class>
  <method>logMessage</method>
  <thread>1</thread>
  <message>katalonVersion = 6.0.5.4</message>
  <nestedLevel>0</nestedLevel>
  <property name="katalonVersion">6.0.5.4</property>
</record>
<record>
  <date>2019-04-03T14:54:50</date>
  <millis>1554278090729</millis>
  <sequence>5</sequence>
  <level>START</level>
  <class>com.kms.katalon.core.logging.XmlKeywordLogger</class>
  <method>startTest</method>
  <thread>1</thread>
  <message>Start Test Case : Test Cases/Company/Company-06</message>
  <nestedLevel>1</nestedLevel>
  <property name="name">Test Cases/Company/Company-06</property>
  <property name="description"></property>
  <property name="id">Test Cases/Company/Company-06</property>
  <property name="source">C:\\Users\\pc\\HelpdeskAutomation\\Test Cases\\Company\\Company-06.tc</property>
  <property name="isOptional">false</property>
</record>
<record>
  <date>2019-04-03T14:54:51</date>
  <millis>1554278091788</millis>
  <sequence>7</sequence>
  <level>START</level>
  <class>com.kms.katalon.core.logging.XmlKeywordLogger</class>
  <method>startKeyword</method>
  <thread>1</thread>
  <message>Start action : openBrowser(\&amp;quot;\&amp;quot;)</message>
  <nestedLevel>1</nestedLevel>
  <property name="startLine">17</property>
  <property name="stepIndex">1</property>
</record>
<record>
  <date>2019-04-03T14:54:52</date>
  <millis>1554278092227</millis>
  <sequence>9</sequence>
  <level>INFO</level>
  <class>com.kms.katalon.core.logging.XmlKeywordLogger</class>
  <method>logMessage</method>
  <thread>1</thread>
  <message>Starting &amp;apos;Chrome&amp;apos; driver</message>
  <nestedLevel>1</nestedLevel>
</record>
<record>
  <date>2019-04-03T14:54:52</date>
  <millis>1554278092285</millis>
  <sequence>10</sequence>
  <level>INFO</level>
  <class>com.kms.katalon.core.logging.XmlKeywordLogger</class>
  <method>logMessage</method>
  <thread>1</thread>
  <message>Action delay is set to 0 seconds</message>
  <nestedLevel>1</nestedLevel>
</record>
<record>
  <date>2019-04-03T14:54:56</date>
  <millis>1554278096953</millis>
  <sequence>12</sequence>
  <level>RUN_DATA</level>
  <class>com.kms.katalon.core.logging.XmlKeywordLogger</class>
  <method>logMessage</method>
  <thread>1</thread>
  <message>sessionId = ce57ea9bbf4f83897f5aa58eb064a4d1</message>
  <nestedLevel>1</nestedLevel>
  <property name="sessionId">ce57ea9bbf4f83897f5aa58eb064a4d1</property>
</record>
<record>
  <date>2019-04-03T14:54:57</date>
  <millis>1554278097052</millis>
  <sequence>13</sequence>
  <level>RUN_DATA</level>
  <class>com.kms.katalon.core.logging.XmlKeywordLogger</class>
  <method>logMessage</method>
  <thread>1</thread>
  <message>browser = Chrome 73.0.3683.86</message>
  <nestedLevel>1</nestedLevel>
  <property name="browser">Chrome 73.0.3683.86</property>
</record>
<record>
  <date>2019-04-03T14:54:57</date>
  <millis>1554278097052</millis>
  <sequence>14</sequence>
  <level>RUN_DATA</level>
  <class>com.kms.katalon.core.logging.XmlKeywordLogger</class>
  <method>logMessage</method>
  <thread>1</thread>
  <message>platform = Windows 10</message>
  <nestedLevel>1</nestedLevel>
  <property name="platform">Windows 10</property>
</record>
<record>
  <date>2019-04-03T14:54:57</date>
  <millis>1554278097056</millis>
  <sequence>15</sequence>
  <level>RUN_DATA</level>
  <class>com.kms.katalon.core.logging.XmlKeywordLogger</class>
  <method>logMessage</method>
  <thread>1</thread>
  <message>seleniumVersion = 3.7.1</message>
  <nestedLevel>1</nestedLevel>
  <property name="seleniumVersion">3.7.1</property>
</record>
<record>
  <date>2019-04-03T14:54:57</date>
  <millis>1554278097057</millis>
  <sequence>16</sequence>
  <level>RUN_DATA</level>
  <class>com.kms.katalon.core.logging.XmlKeywordLogger</class>
  <method>logMessage</method>
  <thread>1</thread>
  <message>proxyInformation = ProxyInformation{proxyOption=NO_PROXY, proxyServerType=HTTP, password=, proxyServerAddress=, proxyServerPort=0}</message>
  <nestedLevel>1</nestedLevel>
  <property name="proxyInformation">ProxyInformation{proxyOption=NO_PROXY, proxyServerType=HTTP, password=, proxyServerAddress=, proxyServerPort=0}</property>
</record>
<record>
  <date>2019-04-03T14:54:57</date>
  <millis>1554278097058</millis>
  <sequence>17</sequence>
  <level>PASSED</level>
  <class>com.kms.katalon.core.logging.XmlKeywordLogger</class>
  <method>logMessage</method>
  <thread>1</thread>
  <message>Browser is opened with url: &amp;apos;&amp;apos;</message>
  <nestedLevel>1</nestedLevel>
</record>
<record>
  <date>2019-04-03T14:54:57</date>
  <millis>1554278097059</millis>
  <sequence>18</sequence>
  <level>END</level>
  <class>com.kms.katalon.core.logging.XmlKeywordLogger</class>
  <method>endKeyword</method>
  <thread>1</thread>
  <message>End action : openBrowser(\&amp;quot;\&amp;quot;)</message>
  <nestedLevel>1</nestedLevel>
</record>
<record>
  <date>2019-04-03T14:54:57</date>
  <millis>1554278097060</millis>
  <sequence>19</sequence>
  <level>START</level>
  <class>com.kms.katalon.core.logging.XmlKeywordLogger</class>
  <method>startKeyword</method>
  <thread>1</thread>
  <message>Start action : navigateToUrl(url)</message>
  <nestedLevel>1</nestedLevel>
  <property name="startLine">19</property>
  <property name="stepIndex">2</property>
</record>
<record>
  <date>2019-04-03T14:54:58</date>
  <millis>1554278098777</millis>
  <sequence>22</sequence>
  <level>PASSED</level>
  <class>com.kms.katalon.core.logging.XmlKeywordLogger</class>
  <method>logMessage</method>
  <thread>1</thread>
  <message>Navigate to &amp;apos;http://helpdesk.wisky.vn&amp;apos; successfully</message>
  <nestedLevel>1</nestedLevel>
</record>
<record>
  <date>2019-04-03T14:54:58</date>
  <millis>1554278098778</millis>
  <sequence>23</sequence>
  <level>END</level>
  <class>com.kms.katalon.core.logging.XmlKeywordLogger</class>
  <method>endKeyword</method>
  <thread>1</thread>
  <message>End action : navigateToUrl(url)</message>
  <nestedLevel>1</nestedLevel>
</record>
<record>
  <date>2019-04-03T14:54:58</date>
  <millis>1554278098779</millis>
  <sequence>24</sequence>
  <level>START</level>
  <class>com.kms.katalon.core.logging.XmlKeywordLogger</class>
  <method>startKeyword</method>
  <thread>1</thread>
  <message>Start action : setText(findTestObject(\&amp;quot;Company/Company-06/Page_ODTS System/input_ODTS_username\&amp;quot;), \&amp;quot;admin01\&amp;quot;)</message>
  <nestedLevel>1</nestedLevel>
  <property name="startLine">21</property>
  <property name="stepIndex">3</property>
</record>
<record>
  <date>2019-04-03T14:54:59</date>
  <millis>1554278099049</millis>
  <sequence>36</sequence>
  <level>PASSED</level>
  <class>com.kms.katalon.core.logging.XmlKeywordLogger</class>
  <method>logMessage</method>
  <thread>1</thread>
  <message>Text &amp;apos;admin01&amp;apos; is set on object &amp;apos;Object Repository/Company/Company-06/Page_ODTS System/input_ODTS_username&amp;apos;</message>
  <nestedLevel>1</nestedLevel>
</record>
<record>
  <date>2019-04-03T14:54:59</date>
  <millis>1554278099050</millis>
  <sequence>37</sequence>
  <level>END</level>
  <class>com.kms.katalon.core.logging.XmlKeywordLogger</class>
  <method>endKeyword</method>
  <thread>1</thread>
  <message>End action : setText(findTestObject(\&amp;quot;Company/Company-06/Page_ODTS System/input_ODTS_username\&amp;quot;), \&amp;quot;admin01\&amp;quot;)</message>
  <nestedLevel>1</nestedLevel>
</record>
<record>
  <date>2019-04-03T14:54:59</date>
  <millis>1554278099051</millis>
  <sequence>38</sequence>
  <level>START</level>
  <class>com.kms.katalon.core.logging.XmlKeywordLogger</class>
  <method>startKeyword</method>
  <thread>1</thread>
  <message>Start action : setEncryptedText(findTestObject(\&amp;quot;Company/Company-06/Page_ODTS System/input_ODTS_password\&amp;quot;), \&amp;quot;aeHFOx8jV/A=\&amp;quot;)</message>
  <nestedLevel>1</nestedLevel>
  <property name="startLine">23</property>
  <property name="stepIndex">4</property>
</record>
<record>
  <date>2019-04-03T14:54:59</date>
  <millis>1554278099359</millis>
  <sequence>47</sequence>
  <level>PASSED</level>
  <class>com.kms.katalon.core.logging.XmlKeywordLogger</class>
  <method>logMessage</method>
  <thread>1</thread>
  <message>Text ****** has been set on object &amp;apos;Object Repository/Company/Company-06/Page_ODTS System/input_ODTS_password&amp;apos;</message>
  <nestedLevel>1</nestedLevel>
</record>
<record>
  <date>2019-04-03T14:54:59</date>
  <millis>1554278099360</millis>
  <sequence>48</sequence>
  <level>END</level>
  <class>com.kms.katalon.core.logging.XmlKeywordLogger</class>
  <method>endKeyword</method>
  <thread>1</thread>
  <message>End action : setEncryptedText(findTestObject(\&amp;quot;Company/Company-06/Page_ODTS System/input_ODTS_password\&amp;quot;), \&amp;quot;aeHFOx8jV/A=\&amp;quot;)</message>
  <nestedLevel>1</nestedLevel>
</record>
<record>
  <date>2019-04-03T14:54:59</date>
  <millis>1554278099361</millis>
  <sequence>49</sequence>
  <level>START</level>
  <class>com.kms.katalon.core.logging.XmlKeywordLogger</class>
  <method>startKeyword</method>
  <thread>1</thread>
  <message>Start action : click(findTestObject(\&amp;quot;Company/Company-06/Page_ODTS System/button_ng Nhp\&amp;quot;))</message>
  <nestedLevel>1</nestedLevel>
  <property name="startLine">25</property>
  <property name="stepIndex">5</property>
</record>
<record>
  <date>2019-04-03T14:54:59</date>
  <millis>1554278099508</millis>
  <sequence>56</sequence>
  <level>PASSED</level>
  <class>com.kms.katalon.core.logging.XmlKeywordLogger</class>
  <method>logMessage</method>
  <thread>1</thread>
  <message>Object: &amp;apos;Object Repository/Company/Company-06/Page_ODTS System/button_ng Nhp&amp;apos; is clicked on</message>
  <nestedLevel>1</nestedLevel>
</record>
<record>
  <date>2019-04-03T14:54:59</date>
  <millis>1554278099509</millis>
  <sequence>57</sequence>
  <level>END</level>
  <class>com.kms.katalon.core.logging.XmlKeywordLogger</class>
  <method>endKeyword</method>
  <thread>1</thread>
  <message>End action : click(findTestObject(\&amp;quot;Company/Company-06/Page_ODTS System/button_ng Nhp\&amp;quot;))</message>
  <nestedLevel>1</nestedLevel>
</record>
<record>
  <date>2019-04-03T14:54:59</date>
  <millis>1554278099510</millis>
  <sequence>58</sequence>
  <level>START</level>
  <class>com.kms.katalon.core.logging.XmlKeywordLogger</class>
  <method>startKeyword</method>
  <thread>1</thread>
  <message>Start action : click(findTestObject(\&amp;quot;Company/Company-06/Page_ODTS System/a_Cng Ty\&amp;quot;))</message>
  <nestedLevel>1</nestedLevel>
  <property name="startLine">27</property>
  <property name="stepIndex">6</property>
</record>
<record>
  <date>2019-04-03T14:55:02</date>
  <millis>1554278102347</millis>
  <sequence>65</sequence>
  <level>PASSED</level>
  <class>com.kms.katalon.core.logging.XmlKeywordLogger</class>
  <method>logMessage</method>
  <thread>1</thread>
  <message>Object: &amp;apos;Object Repository/Company/Company-06/Page_ODTS System/a_Cng Ty&amp;apos; is clicked on</message>
  <nestedLevel>1</nestedLevel>
</record>
<record>
  <date>2019-04-03T14:55:02</date>
  <millis>1554278102348</millis>
  <sequence>66</sequence>
  <level>END</level>
  <class>com.kms.katalon.core.logging.XmlKeywordLogger</class>
  <method>endKeyword</method>
  <thread>1</thread>
  <message>End action : click(findTestObject(\&amp;quot;Company/Company-06/Page_ODTS System/a_Cng Ty\&amp;quot;))</message>
  <nestedLevel>1</nestedLevel>
</record>
<record>
  <date>2019-04-03T14:55:02</date>
  <millis>1554278102348</millis>
  <sequence>67</sequence>
  <level>START</level>
  <class>com.kms.katalon.core.logging.XmlKeywordLogger</class>
  <method>startKeyword</method>
  <thread>1</thread>
  <message>Start action : click(findTestObject(\&amp;quot;Company/Company-06/Page_ODTS System/a_Xem Chi Nhnh\&amp;quot;))</message>
  <nestedLevel>1</nestedLevel>
  <property name="startLine">29</property>
  <property name="stepIndex">7</property>
</record>
<record>
  <date>2019-04-03T14:55:02</date>
  <millis>1554278102812</millis>
  <sequence>74</sequence>
  <level>PASSED</level>
  <class>com.kms.katalon.core.logging.XmlKeywordLogger</class>
  <method>logMessage</method>
  <thread>1</thread>
  <message>Object: &amp;apos;Object Repository/Company/Company-06/Page_ODTS System/a_Xem Chi Nhnh&amp;apos; is clicked on</message>
  <nestedLevel>1</nestedLevel>
</record>
<record>
  <date>2019-04-03T14:55:02</date>
  <millis>1554278102813</millis>
  <sequence>75</sequence>
  <level>END</level>
  <class>com.kms.katalon.core.logging.XmlKeywordLogger</class>
  <method>endKeyword</method>
  <thread>1</thread>
  <message>End action : click(findTestObject(\&amp;quot;Company/Company-06/Page_ODTS System/a_Xem Chi Nhnh\&amp;quot;))</message>
  <nestedLevel>1</nestedLevel>
</record>
<record>
  <date>2019-04-03T14:55:02</date>
  <millis>1554278102814</millis>
  <sequence>76</sequence>
  <level>START</level>
  <class>com.kms.katalon.core.logging.XmlKeywordLogger</class>
  <method>startKeyword</method>
  <thread>1</thread>
  <message>Start action : click(findTestObject(\&amp;quot;Company/Company-06/Page_ODTS System/font_To Chi Nhnh\&amp;quot;))</message>
  <nestedLevel>1</nestedLevel>
  <property name="startLine">31</property>
  <property name="stepIndex">8</property>
</record>
<record>
  <date>2019-04-03T14:55:03</date>
  <millis>1554278103104</millis>
  <sequence>83</sequence>
  <level>PASSED</level>
  <class>com.kms.katalon.core.logging.XmlKeywordLogger</class>
  <method>logMessage</method>
  <thread>1</thread>
  <message>Object: &amp;apos;Object Repository/Company/Company-06/Page_ODTS System/font_To Chi Nhnh&amp;apos; is clicked on</message>
  <nestedLevel>1</nestedLevel>
</record>
<record>
  <date>2019-04-03T14:55:03</date>
  <millis>1554278103105</millis>
  <sequence>84</sequence>
  <level>END</level>
  <class>com.kms.katalon.core.logging.XmlKeywordLogger</class>
  <method>endKeyword</method>
  <thread>1</thread>
  <message>End action : click(findTestObject(\&amp;quot;Company/Company-06/Page_ODTS System/font_To Chi Nhnh\&amp;quot;))</message>
  <nestedLevel>1</nestedLevel>
</record>
<record>
  <date>2019-04-03T14:55:03</date>
  <millis>1554278103105</millis>
  <sequence>85</sequence>
  <level>START</level>
  <class>com.kms.katalon.core.logging.XmlKeywordLogger</class>
  <method>startKeyword</method>
  <thread>1</thread>
  <message>Start action : waitForAlert(2)</message>
  <nestedLevel>1</nestedLevel>
  <property name="startLine">33</property>
  <property name="stepIndex">9</property>
</record>
<record>
  <date>2019-04-03T14:55:05</date>
  <millis>1554278105197</millis>
  <sequence>87</sequence>
  <level>WARNING</level>
  <class>com.kms.katalon.core.logging.XmlKeywordLogger</class>
  <method>logMessage</method>
  <thread>1</thread>
  <message>No alert found after 2 second(s).</message>
  <nestedLevel>1</nestedLevel>
</record>
<record>
  <date>2019-04-03T14:55:05</date>
  <millis>1554278105198</millis>
  <sequence>88</sequence>
  <level>END</level>
  <class>com.kms.katalon.core.logging.XmlKeywordLogger</class>
  <method>endKeyword</method>
  <thread>1</thread>
  <message>End action : waitForAlert(2)</message>
  <nestedLevel>1</nestedLevel>
</record>
<record>
  <date>2019-04-03T14:55:05</date>
  <millis>1554278105199</millis>
  <sequence>89</sequence>
  <level>START</level>
  <class>com.kms.katalon.core.logging.XmlKeywordLogger</class>
  <method>startKeyword</method>
  <thread>1</thread>
  <message>Start action : click(findTestObject(\&amp;quot;Company/Company-06/Page_ODTS System/span_--Chn ti khon--\&amp;quot;))</message>
  <nestedLevel>1</nestedLevel>
  <property name="startLine">35</property>
  <property name="stepIndex">10</property>
</record>
<record>
  <date>2019-04-03T14:55:05</date>
  <millis>1554278105356</millis>
  <sequence>96</sequence>
  <level>PASSED</level>
  <class>com.kms.katalon.core.logging.XmlKeywordLogger</class>
  <method>logMessage</method>
  <thread>1</thread>
  <message>Object: &amp;apos;Object Repository/Company/Company-06/Page_ODTS System/span_--Chn ti khon--&amp;apos; is clicked on</message>
  <nestedLevel>1</nestedLevel>
</record>
<record>
  <date>2019-04-03T14:55:05</date>
  <millis>1554278105357</millis>
  <sequence>97</sequence>
  <level>END</level>
  <class>com.kms.katalon.core.logging.XmlKeywordLogger</class>
  <method>endKeyword</method>
  <thread>1</thread>
  <message>End action : click(findTestObject(\&amp;quot;Company/Company-06/Page_ODTS System/span_--Chn ti khon--\&amp;quot;))</message>
  <nestedLevel>1</nestedLevel>
</record>
<record>
  <date>2019-04-03T14:55:05</date>
  <millis>1554278105357</millis>
  <sequence>98</sequence>
  <level>START</level>
  <class>com.kms.katalon.core.logging.XmlKeywordLogger</class>
  <method>startKeyword</method>
  <thread>1</thread>
  <message>Start action : setText(findTestObject(\&amp;quot;Company/Company-06/Page_ODTS System/input_ng_select2-search__field\&amp;quot;), \&amp;quot;14021\&amp;quot;)</message>
  <nestedLevel>1</nestedLevel>
  <property name="startLine">37</property>
  <property name="stepIndex">11</property>
</record>
<record>
  <date>2019-04-03T14:55:05</date>
  <millis>1554278105618</millis>
  <sequence>110</sequence>
  <level>PASSED</level>
  <class>com.kms.katalon.core.logging.XmlKeywordLogger</class>
  <method>logMessage</method>
  <thread>1</thread>
  <message>Text &amp;apos;14021&amp;apos; is set on object &amp;apos;Object Repository/Company/Company-06/Page_ODTS System/input_ng_select2-search__field&amp;apos;</message>
  <nestedLevel>1</nestedLevel>
</record>
<record>
  <date>2019-04-03T14:55:05</date>
  <millis>1554278105619</millis>
  <sequence>111</sequence>
  <level>END</level>
  <class>com.kms.katalon.core.logging.XmlKeywordLogger</class>
  <method>endKeyword</method>
  <thread>1</thread>
  <message>End action : setText(findTestObject(\&amp;quot;Company/Company-06/Page_ODTS System/input_ng_select2-search__field\&amp;quot;), \&amp;quot;14021\&amp;quot;)</message>
  <nestedLevel>1</nestedLevel>
</record>
<record>
  <date>2019-04-03T14:55:05</date>
  <millis>1554278105619</millis>
  <sequence>112</sequence>
  <level>START</level>
  <class>com.kms.katalon.core.logging.XmlKeywordLogger</class>
  <method>startKeyword</method>
  <thread>1</thread>
  <message>Start action : waitForAlert(1)</message>
  <nestedLevel>1</nestedLevel>
  <property name="startLine">39</property>
  <property name="stepIndex">12</property>
</record>
<record>
  <date>2019-04-03T14:55:06</date>
  <millis>1554278106640</millis>
  <sequence>114</sequence>
  <level>WARNING</level>
  <class>com.kms.katalon.core.logging.XmlKeywordLogger</class>
  <method>logMessage</method>
  <thread>1</thread>
  <message>No alert found after 1 second(s).</message>
  <nestedLevel>1</nestedLevel>
</record>
<record>
  <date>2019-04-03T14:55:06</date>
  <millis>1554278106641</millis>
  <sequence>115</sequence>
  <level>END</level>
  <class>com.kms.katalon.core.logging.XmlKeywordLogger</class>
  <method>endKeyword</method>
  <thread>1</thread>
  <message>End action : waitForAlert(1)</message>
  <nestedLevel>1</nestedLevel>
</record>
<record>
  <date>2019-04-03T14:55:06</date>
  <millis>1554278106641</millis>
  <sequence>116</sequence>
  <level>START</level>
  <class>com.kms.katalon.core.logging.XmlKeywordLogger</class>
  <method>startKeyword</method>
  <thread>1</thread>
  <message>Start action : sendKeys(findTestObject(\&amp;quot;Company/Company-06/Page_ODTS System/input_ng_select2-search__field\&amp;quot;), Keys.chord(ENTER))</message>
  <nestedLevel>1</nestedLevel>
  <property name="startLine">41</property>
  <property name="stepIndex">13</property>
</record>
<record>
  <date>2019-04-03T14:55:06</date>
  <millis>1554278106736</millis>
  <sequence>122</sequence>
  <level>PASSED</level>
  <class>com.kms.katalon.core.logging.XmlKeywordLogger</class>
  <method>logMessage</method>
  <thread>1</thread>
  <message>Keys &amp;apos;ENTER + &amp;apos; sent to object: &amp;apos;Object Repository/Company/Company-06/Page_ODTS System/input_ng_select2-search__field&amp;apos;</message>
  <nestedLevel>1</nestedLevel>
</record>
<record>
  <date>2019-04-03T14:55:06</date>
  <millis>1554278106737</millis>
  <sequence>123</sequence>
  <level>END</level>
  <class>com.kms.katalon.core.logging.XmlKeywordLogger</class>
  <method>endKeyword</method>
  <thread>1</thread>
  <message>End action : sendKeys(findTestObject(\&amp;quot;Company/Company-06/Page_ODTS System/input_ng_select2-search__field\&amp;quot;), Keys.chord(ENTER))</message>
  <nestedLevel>1</nestedLevel>
</record>
<record>
  <date>2019-04-03T14:55:06</date>
  <millis>1554278106737</millis>
  <sequence>124</sequence>
  <level>START</level>
  <class>com.kms.katalon.core.logging.XmlKeywordLogger</class>
  <method>startKeyword</method>
  <thread>1</thread>
  <message>Start action : waitForAlert(1)</message>
  <nestedLevel>1</nestedLevel>
  <property name="startLine">43</property>
  <property name="stepIndex">14</property>
</record>
<record>
  <date>2019-04-03T14:55:07</date>
  <millis>1554278107758</millis>
  <sequence>126</sequence>
  <level>WARNING</level>
  <class>com.kms.katalon.core.logging.XmlKeywordLogger</class>
  <method>logMessage</method>
  <thread>1</thread>
  <message>No alert found after 1 second(s).</message>
  <nestedLevel>1</nestedLevel>
</record>
<record>
  <date>2019-04-03T14:55:07</date>
  <millis>1554278107759</millis>
  <sequence>127</sequence>
  <level>END</level>
  <class>com.kms.katalon.core.logging.XmlKeywordLogger</class>
  <method>endKeyword</method>
  <thread>1</thread>
  <message>End action : waitForAlert(1)</message>
  <nestedLevel>1</nestedLevel>
</record>
<record>
  <date>2019-04-03T14:55:07</date>
  <millis>1554278107759</millis>
  <sequence>128</sequence>
  <level>START</level>
  <class>com.kms.katalon.core.logging.XmlKeywordLogger</class>
  <method>startKeyword</method>
  <thread>1</thread>
  <message>Start action : setText(findTestObject(\&amp;quot;Company/Company-06/Page_ODTS System/input_Tn Chi Nhnh_ee\&amp;quot;), \&amp;quot;anhtest\&amp;quot;)</message>
  <nestedLevel>1</nestedLevel>
  <property name="startLine">45</property>
  <property name="stepIndex">15</property>
</record>
<record>
  <date>2019-04-03T14:55:07</date>
  <millis>1554278107977</millis>
  <sequence>140</sequence>
  <level>PASSED</level>
  <class>com.kms.katalon.core.logging.XmlKeywordLogger</class>
  <method>logMessage</method>
  <thread>1</thread>
  <message>Text &amp;apos;anhtest&amp;apos; is set on object &amp;apos;Object Repository/Company/Company-06/Page_ODTS System/input_Tn Chi Nhnh_ee&amp;apos;</message>
  <nestedLevel>1</nestedLevel>
</record>
<record>
  <date>2019-04-03T14:55:07</date>
  <millis>1554278107979</millis>
  <sequence>141</sequence>
  <level>END</level>
  <class>com.kms.katalon.core.logging.XmlKeywordLogger</class>
  <method>endKeyword</method>
  <thread>1</thread>
  <message>End action : setText(findTestObject(\&amp;quot;Company/Company-06/Page_ODTS System/input_Tn Chi Nhnh_ee\&amp;quot;), \&amp;quot;anhtest\&amp;quot;)</message>
  <nestedLevel>1</nestedLevel>
</record>
<record>
  <date>2019-04-03T14:55:07</date>
  <millis>1554278107980</millis>
  <sequence>142</sequence>
  <level>START</level>
  <class>com.kms.katalon.core.logging.XmlKeywordLogger</class>
  <method>startKeyword</method>
  <thread>1</thread>
  <message>Start action : waitForAlert(1)</message>
  <nestedLevel>1</nestedLevel>
  <property name="startLine">47</property>
  <property name="stepIndex">16</property>
</record>
<record>
  <date>2019-04-03T14:55:09</date>
  <millis>1554278109029</millis>
  <sequence>144</sequence>
  <level>WARNING</level>
  <class>com.kms.katalon.core.logging.XmlKeywordLogger</class>
  <method>logMessage</method>
  <thread>1</thread>
  <message>No alert found after 1 second(s).</message>
  <nestedLevel>1</nestedLevel>
</record>
<record>
  <date>2019-04-03T14:55:09</date>
  <millis>1554278109030</millis>
  <sequence>145</sequence>
  <level>END</level>
  <class>com.kms.katalon.core.logging.XmlKeywordLogger</class>
  <method>endKeyword</method>
  <thread>1</thread>
  <message>End action : waitForAlert(1)</message>
  <nestedLevel>1</nestedLevel>
</record>
<record>
  <date>2019-04-03T14:55:09</date>
  <millis>1554278109031</millis>
  <sequence>146</sequence>
  <level>START</level>
  <class>com.kms.katalon.core.logging.XmlKeywordLogger</class>
  <method>startKeyword</method>
  <thread>1</thread>
  <message>Start action : setText(findTestObject(\&amp;quot;Company/Company-06/Page_ODTS System/input_Tn Qun L Chi Nhnh_yy\&amp;quot;), \&amp;quot;anh\&amp;quot;)</message>
  <nestedLevel>1</nestedLevel>
  <property name="startLine">49</property>
  <property name="stepIndex">17</property>
</record>
<record>
  <date>2019-04-03T14:55:09</date>
  <millis>1554278109221</millis>
  <sequence>158</sequence>
  <level>PASSED</level>
  <class>com.kms.katalon.core.logging.XmlKeywordLogger</class>
  <method>logMessage</method>
  <thread>1</thread>
  <message>Text &amp;apos;anh&amp;apos; is set on object &amp;apos;Object Repository/Company/Company-06/Page_ODTS System/input_Tn Qun L Chi Nhnh_yy&amp;apos;</message>
  <nestedLevel>1</nestedLevel>
</record>
<record>
  <date>2019-04-03T14:55:09</date>
  <millis>1554278109221</millis>
  <sequence>159</sequence>
  <level>END</level>
  <class>com.kms.katalon.core.logging.XmlKeywordLogger</class>
  <method>endKeyword</method>
  <thread>1</thread>
  <message>End action : setText(findTestObject(\&amp;quot;Company/Company-06/Page_ODTS System/input_Tn Qun L Chi Nhnh_yy\&amp;quot;), \&amp;quot;anh\&amp;quot;)</message>
  <nestedLevel>1</nestedLevel>
</record>
<record>
  <date>2019-04-03T14:55:09</date>
  <millis>1554278109222</millis>
  <sequence>160</sequence>
  <level>START</level>
  <class>com.kms.katalon.core.logging.XmlKeywordLogger</class>
  <method>startKeyword</method>
  <thread>1</thread>
  <message>Start action : waitForAlert(1)</message>
  <nestedLevel>1</nestedLevel>
  <property name="startLine">51</property>
  <property name="stepIndex">18</property>
</record>
<record>
  <date>2019-04-03T14:55:10</date>
  <millis>1554278110243</millis>
  <sequence>162</sequence>
  <level>WARNING</level>
  <class>com.kms.katalon.core.logging.XmlKeywordLogger</class>
  <method>logMessage</method>
  <thread>1</thread>
  <message>No alert found after 1 second(s).</message>
  <nestedLevel>1</nestedLevel>
</record>
<record>
  <date>2019-04-03T14:55:10</date>
  <millis>1554278110244</millis>
  <sequence>163</sequence>
  <level>END</level>
  <class>com.kms.katalon.core.logging.XmlKeywordLogger</class>
  <method>endKeyword</method>
  <thread>1</thread>
  <message>End action : waitForAlert(1)</message>
  <nestedLevel>1</nestedLevel>
</record>
<record>
  <date>2019-04-03T14:55:10</date>
  <millis>1554278110245</millis>
  <sequence>164</sequence>
  <level>START</level>
  <class>com.kms.katalon.core.logging.XmlKeywordLogger</class>
  <method>startKeyword</method>
  <thread>1</thread>
  <message>Start action : setText(findTestObject(\&amp;quot;Company/Company-06/Page_ODTS System/input_a Ch_rr\&amp;quot;), \&amp;quot;hihi\&amp;quot;)</message>
  <nestedLevel>1</nestedLevel>
  <property name="startLine">53</property>
  <property name="stepIndex">19</property>
</record>
<record>
  <date>2019-04-03T14:55:10</date>
  <millis>1554278110461</millis>
  <sequence>176</sequence>
  <level>PASSED</level>
  <class>com.kms.katalon.core.logging.XmlKeywordLogger</class>
  <method>logMessage</method>
  <thread>1</thread>
  <message>Text &amp;apos;hihi&amp;apos; is set on object &amp;apos;Object Repository/Company/Company-06/Page_ODTS System/input_a Ch_rr&amp;apos;</message>
  <nestedLevel>1</nestedLevel>
</record>
<record>
  <date>2019-04-03T14:55:10</date>
  <millis>1554278110462</millis>
  <sequence>177</sequence>
  <level>END</level>
  <class>com.kms.katalon.core.logging.XmlKeywordLogger</class>
  <method>endKeyword</method>
  <thread>1</thread>
  <message>End action : setText(findTestObject(\&amp;quot;Company/Company-06/Page_ODTS System/input_a Ch_rr\&amp;quot;), \&amp;quot;hihi\&amp;quot;)</message>
  <nestedLevel>1</nestedLevel>
</record>
<record>
  <date>2019-04-03T14:55:10</date>
  <millis>1554278110462</millis>
  <sequence>178</sequence>
  <level>START</level>
  <class>com.kms.katalon.core.logging.XmlKeywordLogger</class>
  <method>startKeyword</method>
  <thread>1</thread>
  <message>Start action : waitForAlert(1)</message>
  <nestedLevel>1</nestedLevel>
  <property name="startLine">55</property>
  <property name="stepIndex">20</property>
</record>
<record>
  <date>2019-04-03T14:55:11</date>
  <millis>1554278111533</millis>
  <sequence>180</sequence>
  <level>WARNING</level>
  <class>com.kms.katalon.core.logging.XmlKeywordLogger</class>
  <method>logMessage</method>
  <thread>1</thread>
  <message>No alert found after 1 second(s).</message>
  <nestedLevel>1</nestedLevel>
</record>
<record>
  <date>2019-04-03T14:55:11</date>
  <millis>1554278111534</millis>
  <sequence>181</sequence>
  <level>END</level>
  <class>com.kms.katalon.core.logging.XmlKeywordLogger</class>
  <method>endKeyword</method>
  <thread>1</thread>
  <message>End action : waitForAlert(1)</message>
  <nestedLevel>1</nestedLevel>
</record>
<record>
  <date>2019-04-03T14:55:11</date>
  <millis>1554278111534</millis>
  <sequence>182</sequence>
  <level>START</level>
  <class>com.kms.katalon.core.logging.XmlKeywordLogger</class>
  <method>startKeyword</method>
  <thread>1</thread>
  <message>Start action : setText(findTestObject(\&amp;quot;Company/Company-06/Page_ODTS System/input_S in Thoi_tt\&amp;quot;), \&amp;quot;0123456789\&amp;quot;)</message>
  <nestedLevel>1</nestedLevel>
  <property name="startLine">57</property>
  <property name="stepIndex">21</property>
</record>
<record>
  <date>2019-04-03T14:55:11</date>
  <millis>1554278111860</millis>
  <sequence>194</sequence>
  <level>PASSED</level>
  <class>com.kms.katalon.core.logging.XmlKeywordLogger</class>
  <method>logMessage</method>
  <thread>1</thread>
  <message>Text &amp;apos;0123456789&amp;apos; is set on object &amp;apos;Object Repository/Company/Company-06/Page_ODTS System/input_S in Thoi_tt&amp;apos;</message>
  <nestedLevel>1</nestedLevel>
</record>
<record>
  <date>2019-04-03T14:55:11</date>
  <millis>1554278111860</millis>
  <sequence>195</sequence>
  <level>END</level>
  <class>com.kms.katalon.core.logging.XmlKeywordLogger</class>
  <method>endKeyword</method>
  <thread>1</thread>
  <message>End action : setText(findTestObject(\&amp;quot;Company/Company-06/Page_ODTS System/input_S in Thoi_tt\&amp;quot;), \&amp;quot;0123456789\&amp;quot;)</message>
  <nestedLevel>1</nestedLevel>
</record>
<record>
  <date>2019-04-03T14:55:11</date>
  <millis>1554278111861</millis>
  <sequence>196</sequence>
  <level>START</level>
  <class>com.kms.katalon.core.logging.XmlKeywordLogger</class>
  <method>startKeyword</method>
  <thread>1</thread>
  <message>Start action : waitForAlert(1)</message>
  <nestedLevel>1</nestedLevel>
  <property name="startLine">59</property>
  <property name="stepIndex">22</property>
</record>
<record>
  <date>2019-04-03T14:55:12</date>
  <millis>1554278112881</millis>
  <sequence>198</sequence>
  <level>WARNING</level>
  <class>com.kms.katalon.core.logging.XmlKeywordLogger</class>
  <method>logMessage</method>
  <thread>1</thread>
  <message>No alert found after 1 second(s).</message>
  <nestedLevel>1</nestedLevel>
</record>
<record>
  <date>2019-04-03T14:55:12</date>
  <millis>1554278112881</millis>
  <sequence>199</sequence>
  <level>END</level>
  <class>com.kms.katalon.core.logging.XmlKeywordLogger</class>
  <method>endKeyword</method>
  <thread>1</thread>
  <message>End action : waitForAlert(1)</message>
  <nestedLevel>1</nestedLevel>
</record>
<record>
  <date>2019-04-03T14:55:12</date>
  <millis>1554278112882</millis>
  <sequence>200</sequence>
  <level>START</level>
  <class>com.kms.katalon.core.logging.XmlKeywordLogger</class>
  <method>startKeyword</method>
  <thread>1</thread>
  <message>Start action : click(findTestObject(\&amp;quot;Company/Company-06/Page_ODTS System/button_To Mi\&amp;quot;))</message>
  <nestedLevel>1</nestedLevel>
  <property name="startLine">61</property>
  <property name="stepIndex">23</property>
</record>
<record>
  <date>2019-04-03T14:55:13</date>
  <millis>1554278113161</millis>
  <sequence>207</sequence>
  <level>PASSED</level>
  <class>com.kms.katalon.core.logging.XmlKeywordLogger</class>
  <method>logMessage</method>
  <thread>1</thread>
  <message>Object: &amp;apos;Object Repository/Company/Company-06/Page_ODTS System/button_To Mi&amp;apos; is clicked on</message>
  <nestedLevel>1</nestedLevel>
</record>
<record>
  <date>2019-04-03T14:55:13</date>
  <millis>1554278113162</millis>
  <sequence>208</sequence>
  <level>END</level>
  <class>com.kms.katalon.core.logging.XmlKeywordLogger</class>
  <method>endKeyword</method>
  <thread>1</thread>
  <message>End action : click(findTestObject(\&amp;quot;Company/Company-06/Page_ODTS System/button_To Mi\&amp;quot;))</message>
  <nestedLevel>1</nestedLevel>
</record>
<record>
  <date>2019-04-03T14:55:13</date>
  <millis>1554278113162</millis>
  <sequence>209</sequence>
  <level>START</level>
  <class>com.kms.katalon.core.logging.XmlKeywordLogger</class>
  <method>startKeyword</method>
  <thread>1</thread>
  <message>Start action : waitForAlert(1)</message>
  <nestedLevel>1</nestedLevel>
  <property name="startLine">63</property>
  <property name="stepIndex">24</property>
</record>
<record>
  <date>2019-04-03T14:55:14</date>
  <millis>1554278114185</millis>
  <sequence>211</sequence>
  <level>WARNING</level>
  <class>com.kms.katalon.core.logging.XmlKeywordLogger</class>
  <method>logMessage</method>
  <thread>1</thread>
  <message>No alert found after 1 second(s).</message>
  <nestedLevel>1</nestedLevel>
</record>
<record>
  <date>2019-04-03T14:55:14</date>
  <millis>1554278114186</millis>
  <sequence>212</sequence>
  <level>END</level>
  <class>com.kms.katalon.core.logging.XmlKeywordLogger</class>
  <method>endKeyword</method>
  <thread>1</thread>
  <message>End action : waitForAlert(1)</message>
  <nestedLevel>1</nestedLevel>
</record>
<record>
  <date>2019-04-03T14:55:14</date>
  <millis>1554278114186</millis>
  <sequence>213</sequence>
  <level>START</level>
  <class>com.kms.katalon.core.logging.XmlKeywordLogger</class>
  <method>startKeyword</method>
  <thread>1</thread>
  <message>Start action : click(findTestObject(\&amp;quot;Company/Company-06/Page_ODTS System/button_OK\&amp;quot;))</message>
  <nestedLevel>1</nestedLevel>
  <property name="startLine">65</property>
  <property name="stepIndex">25</property>
</record>
<record>
  <date>2019-04-03T14:55:45</date>
  <millis>1554278145076</millis>
  <sequence>218</sequence>
  <level>INFO</level>
  <class>com.kms.katalon.core.logging.XmlKeywordLogger</class>
  <method>logMessage</method>
  <thread>1</thread>
  <message>Unable to find the element located by &amp;apos;By.xpath: /html[@class=&amp;apos;swal2-shown&amp;apos;]/body[@class=&amp;apos;skin-blue sidebar-mini swal2-shown&amp;apos;]/div[@class=&amp;apos;swal2-container swal2-center swal2-fade swal2-shown&amp;apos;]/div[@class=&amp;apos;swal2-modal swal2-show&amp;apos;]/div[@class=&amp;apos;swal2-buttonswrapper&amp;apos;]/button[@class=&amp;apos;swal2-confirm swal2-styled&amp;apos;]&amp;apos;. Please recheck the objects properties to make sure the desired element is located. </message>
  <nestedLevel>1</nestedLevel>
</record>
<record>
  <date>2019-04-03T14:55:45</date>
  <millis>1554278145449</millis>
  <sequence>219</sequence>
  <level>FAILED</level>
  <class>com.kms.katalon.core.logging.XmlKeywordLogger</class>
  <method>logMessage</method>
  <thread>1</thread>
  <message>Unable to click on object &amp;apos;Object Repository/Company/Company-06/Page_ODTS System/button_OK&amp;apos;</message>
  <nestedLevel>1</nestedLevel>
  <property name="attachment">1554278145082.png</property>
</record>
<record>
  <date>2019-04-03T14:55:45</date>
  <millis>1554278145452</millis>
  <sequence>220</sequence>
  <level>END</level>
  <class>com.kms.katalon.core.logging.XmlKeywordLogger</class>
  <method>endKeyword</method>
  <thread>1</thread>
  <message>End action : click(findTestObject(\&amp;quot;Company/Company-06/Page_ODTS System/button_OK\&amp;quot;))</message>
  <nestedLevel>1</nestedLevel>
</record>
<record>
  <date>2019-04-03T14:55:45</date>
  <millis>1554278145452</millis>
  <sequence>221</sequence>
  <level>START</level>
  <class>com.kms.katalon.core.logging.XmlKeywordLogger</class>
  <method>startKeyword</method>
  <thread>1</thread>
  <message>Start action : waitForAlert(1)</message>
  <nestedLevel>1</nestedLevel>
  <property name="startLine">67</property>
  <property name="stepIndex">26</property>
</record>
<record>
  <date>2019-04-03T14:55:46</date>
  <millis>1554278146514</millis>
  <sequence>223</sequence>
  <level>WARNING</level>
  <class>com.kms.katalon.core.logging.XmlKeywordLogger</class>
  <method>logMessage</method>
  <thread>1</thread>
  <message>No alert found after 1 second(s).</message>
  <nestedLevel>1</nestedLevel>
</record>
<record>
  <date>2019-04-03T14:55:46</date>
  <millis>1554278146515</millis>
  <sequence>224</sequence>
  <level>END</level>
  <class>com.kms.katalon.core.logging.XmlKeywordLogger</class>
  <method>endKeyword</method>
  <thread>1</thread>
  <message>End action : waitForAlert(1)</message>
  <nestedLevel>1</nestedLevel>
</record>
<record>
  <date>2019-04-03T14:55:46</date>
  <millis>1554278146516</millis>
  <sequence>225</sequence>
  <level>START</level>
  <class>com.kms.katalon.core.logging.XmlKeywordLogger</class>
  <method>startKeyword</method>
  <thread>1</thread>
  <message>Start action : click(findTestObject(\&amp;quot;Company/Company-06/Page_ODTS System/fieldSearch\&amp;quot;))</message>
  <nestedLevel>1</nestedLevel>
  <property name="startLine">69</property>
  <property name="stepIndex">27</property>
</record>
