<?xml version="1.0" encoding="UTF-8" standalone="no"?>
<!DOCTYPE log SYSTEM "logger.dtd">
<log>
<record>
  <date>2019-03-25T09:36:06</date>
  <millis>1553481366718</millis>
  <sequence>0</sequence>
  <level>START</level>
  <class>com.kms.katalon.core.logging.XmlKeywordLogger</class>
  <method>startSuite</method>
  <thread>1</thread>
  <message>Start Test Suite : Test Suites/TypeOfDevice01-02-03-04</message>
  <nestedLevel>0</nestedLevel>
  <property name="name">TypeOfDevice01-02-03-04</property>
  <property name="description"></property>
  <property name="id">Test Suites/TypeOfDevice01-02-03-04</property>
</record>
<record>
  <date>2019-03-25T09:36:06</date>
  <millis>1553481366737</millis>
  <sequence>1</sequence>
  <level>RUN_DATA</level>
  <class>com.kms.katalon.core.logging.XmlKeywordLogger</class>
  <method>logMessage</method>
  <thread>1</thread>
  <message>hostName = Ninja - AnhNVSE63446</message>
  <nestedLevel>0</nestedLevel>
  <property name="hostName">Ninja - AnhNVSE63446</property>
</record>
<record>
  <date>2019-03-25T09:36:06</date>
  <millis>1553481366738</millis>
  <sequence>2</sequence>
  <level>RUN_DATA</level>
  <class>com.kms.katalon.core.logging.XmlKeywordLogger</class>
  <method>logMessage</method>
  <thread>1</thread>
  <message>os = Windows 10 64bit</message>
  <nestedLevel>0</nestedLevel>
  <property name="os">Windows 10 64bit</property>
</record>
<record>
  <date>2019-03-25T09:36:06</date>
  <millis>1553481366739</millis>
  <sequence>3</sequence>
  <level>RUN_DATA</level>
  <class>com.kms.katalon.core.logging.XmlKeywordLogger</class>
  <method>logMessage</method>
  <thread>1</thread>
  <message>hostAddress = 192.168.175.1</message>
  <nestedLevel>0</nestedLevel>
  <property name="hostAddress">192.168.175.1</property>
</record>
<record>
  <date>2019-03-25T09:36:06</date>
  <millis>1553481366740</millis>
  <sequence>4</sequence>
  <level>RUN_DATA</level>
  <class>com.kms.katalon.core.logging.XmlKeywordLogger</class>
  <method>logMessage</method>
  <thread>1</thread>
  <message>katalonVersion = 6.0.5.4</message>
  <nestedLevel>0</nestedLevel>
  <property name="katalonVersion">6.0.5.4</property>
</record>
<record>
  <date>2019-03-25T09:36:07</date>
  <millis>1553481367073</millis>
  <sequence>5</sequence>
  <level>START</level>
  <class>com.kms.katalon.core.logging.XmlKeywordLogger</class>
  <method>startTest</method>
  <thread>1</thread>
  <message>Start Test Case : Test Cases/TypeOfDevice/Type of device-01</message>
  <nestedLevel>1</nestedLevel>
  <property name="name">Test Cases/TypeOfDevice/Type of device-01</property>
  <property name="description"></property>
  <property name="id">Test Cases/TypeOfDevice/Type of device-01</property>
  <property name="source">C:\\Users\\pc\\HelpdeskAutomation\\Test Cases\\TypeOfDevice\\Type of device-01.tc</property>
  <property name="isOptional">false</property>
</record>
<record>
  <date>2019-03-25T09:36:07</date>
  <millis>1553481367570</millis>
  <sequence>7</sequence>
  <level>START</level>
  <class>com.kms.katalon.core.logging.XmlKeywordLogger</class>
  <method>startKeyword</method>
  <thread>1</thread>
  <message>Start action : openBrowser(\&amp;quot;\&amp;quot;)</message>
  <nestedLevel>1</nestedLevel>
  <property name="startLine">9</property>
  <property name="stepIndex">1</property>
</record>
<record>
  <date>2019-03-25T09:36:08</date>
  <millis>1553481368197</millis>
  <sequence>9</sequence>
  <level>INFO</level>
  <class>com.kms.katalon.core.logging.XmlKeywordLogger</class>
  <method>logMessage</method>
  <thread>1</thread>
  <message>Starting &amp;apos;Chrome&amp;apos; driver</message>
  <nestedLevel>1</nestedLevel>
</record>
<record>
  <date>2019-03-25T09:36:08</date>
  <millis>1553481368244</millis>
  <sequence>10</sequence>
  <level>INFO</level>
  <class>com.kms.katalon.core.logging.XmlKeywordLogger</class>
  <method>logMessage</method>
  <thread>1</thread>
  <message>Action delay is set to 0 seconds</message>
  <nestedLevel>1</nestedLevel>
</record>
<record>
  <date>2019-03-25T09:36:12</date>
  <millis>1553481372329</millis>
  <sequence>12</sequence>
  <level>RUN_DATA</level>
  <class>com.kms.katalon.core.logging.XmlKeywordLogger</class>
  <method>logMessage</method>
  <thread>1</thread>
  <message>sessionId = 764086394f3f62bd90acab494538f8bb</message>
  <nestedLevel>1</nestedLevel>
  <property name="sessionId">764086394f3f62bd90acab494538f8bb</property>
</record>
<record>
  <date>2019-03-25T09:36:12</date>
  <millis>1553481372443</millis>
  <sequence>13</sequence>
  <level>RUN_DATA</level>
  <class>com.kms.katalon.core.logging.XmlKeywordLogger</class>
  <method>logMessage</method>
  <thread>1</thread>
  <message>browser = Chrome 72.0.3626.121</message>
  <nestedLevel>1</nestedLevel>
  <property name="browser">Chrome 72.0.3626.121</property>
</record>
<record>
  <date>2019-03-25T09:36:12</date>
  <millis>1553481372444</millis>
  <sequence>14</sequence>
  <level>RUN_DATA</level>
  <class>com.kms.katalon.core.logging.XmlKeywordLogger</class>
  <method>logMessage</method>
  <thread>1</thread>
  <message>platform = Windows 10</message>
  <nestedLevel>1</nestedLevel>
  <property name="platform">Windows 10</property>
</record>
<record>
  <date>2019-03-25T09:36:12</date>
  <millis>1553481372448</millis>
  <sequence>15</sequence>
  <level>RUN_DATA</level>
  <class>com.kms.katalon.core.logging.XmlKeywordLogger</class>
  <method>logMessage</method>
  <thread>1</thread>
  <message>seleniumVersion = 3.7.1</message>
  <nestedLevel>1</nestedLevel>
  <property name="seleniumVersion">3.7.1</property>
</record>
<record>
  <date>2019-03-25T09:36:12</date>
  <millis>1553481372450</millis>
  <sequence>16</sequence>
  <level>RUN_DATA</level>
  <class>com.kms.katalon.core.logging.XmlKeywordLogger</class>
  <method>logMessage</method>
  <thread>1</thread>
  <message>proxyInformation = ProxyInformation{proxyOption=NO_PROXY, proxyServerType=HTTP, password=, proxyServerAddress=, proxyServerPort=0}</message>
  <nestedLevel>1</nestedLevel>
  <property name="proxyInformation">ProxyInformation{proxyOption=NO_PROXY, proxyServerType=HTTP, password=, proxyServerAddress=, proxyServerPort=0}</property>
</record>
<record>
  <date>2019-03-25T09:36:12</date>
  <millis>1553481372451</millis>
  <sequence>17</sequence>
  <level>PASSED</level>
  <class>com.kms.katalon.core.logging.XmlKeywordLogger</class>
  <method>logMessage</method>
  <thread>1</thread>
  <message>Browser is opened with url: &amp;apos;&amp;apos;</message>
  <nestedLevel>1</nestedLevel>
</record>
<record>
  <date>2019-03-25T09:36:12</date>
  <millis>1553481372452</millis>
  <sequence>18</sequence>
  <level>END</level>
  <class>com.kms.katalon.core.logging.XmlKeywordLogger</class>
  <method>endKeyword</method>
  <thread>1</thread>
  <message>End action : openBrowser(\&amp;quot;\&amp;quot;)</message>
  <nestedLevel>1</nestedLevel>
</record>
<record>
  <date>2019-03-25T09:36:12</date>
  <millis>1553481372453</millis>
  <sequence>19</sequence>
  <level>START</level>
  <class>com.kms.katalon.core.logging.XmlKeywordLogger</class>
  <method>startKeyword</method>
  <thread>1</thread>
  <message>Start action : navigateToUrl(\&amp;quot;http://helpdesk.wisky.vn/\&amp;quot;)</message>
  <nestedLevel>1</nestedLevel>
  <property name="startLine">11</property>
  <property name="stepIndex">2</property>
</record>
<record>
  <date>2019-03-25T09:36:15</date>
  <millis>1553481375322</millis>
  <sequence>22</sequence>
  <level>PASSED</level>
  <class>com.kms.katalon.core.logging.XmlKeywordLogger</class>
  <method>logMessage</method>
  <thread>1</thread>
  <message>Navigate to &amp;apos;http://helpdesk.wisky.vn/&amp;apos; successfully</message>
  <nestedLevel>1</nestedLevel>
</record>
<record>
  <date>2019-03-25T09:36:15</date>
  <millis>1553481375324</millis>
  <sequence>23</sequence>
  <level>END</level>
  <class>com.kms.katalon.core.logging.XmlKeywordLogger</class>
  <method>endKeyword</method>
  <thread>1</thread>
  <message>End action : navigateToUrl(\&amp;quot;http://helpdesk.wisky.vn/\&amp;quot;)</message>
  <nestedLevel>1</nestedLevel>
</record>
<record>
  <date>2019-03-25T09:36:15</date>
  <millis>1553481375324</millis>
  <sequence>24</sequence>
  <level>START</level>
  <class>com.kms.katalon.core.logging.XmlKeywordLogger</class>
  <method>startKeyword</method>
  <thread>1</thread>
  <message>Start action : setText(findTestObject(\&amp;quot;TypeOfDevice/Type of device-01/Page_ODTS System/input_ODTS_username\&amp;quot;), \&amp;quot;admin01\&amp;quot;)</message>
  <nestedLevel>1</nestedLevel>
  <property name="startLine">13</property>
  <property name="stepIndex">3</property>
</record>
<record>
  <date>2019-03-25T09:36:15</date>
  <millis>1553481375573</millis>
  <sequence>36</sequence>
  <level>PASSED</level>
  <class>com.kms.katalon.core.logging.XmlKeywordLogger</class>
  <method>logMessage</method>
  <thread>1</thread>
  <message>Text &amp;apos;admin01&amp;apos; is set on object &amp;apos;Object Repository/TypeOfDevice/Type of device-01/Page_ODTS System/input_ODTS_username&amp;apos;</message>
  <nestedLevel>1</nestedLevel>
</record>
<record>
  <date>2019-03-25T09:36:15</date>
  <millis>1553481375574</millis>
  <sequence>37</sequence>
  <level>END</level>
  <class>com.kms.katalon.core.logging.XmlKeywordLogger</class>
  <method>endKeyword</method>
  <thread>1</thread>
  <message>End action : setText(findTestObject(\&amp;quot;TypeOfDevice/Type of device-01/Page_ODTS System/input_ODTS_username\&amp;quot;), \&amp;quot;admin01\&amp;quot;)</message>
  <nestedLevel>1</nestedLevel>
</record>
<record>
  <date>2019-03-25T09:36:15</date>
  <millis>1553481375574</millis>
  <sequence>38</sequence>
  <level>START</level>
  <class>com.kms.katalon.core.logging.XmlKeywordLogger</class>
  <method>startKeyword</method>
  <thread>1</thread>
  <message>Start action : setEncryptedText(findTestObject(\&amp;quot;TypeOfDevice/Type of device-01/Page_ODTS System/input_ODTS_password\&amp;quot;), \&amp;quot;aeHFOx8jV/A=\&amp;quot;)</message>
  <nestedLevel>1</nestedLevel>
  <property name="startLine">15</property>
  <property name="stepIndex">4</property>
</record>
<record>
  <date>2019-03-25T09:36:15</date>
  <millis>1553481375833</millis>
  <sequence>47</sequence>
  <level>PASSED</level>
  <class>com.kms.katalon.core.logging.XmlKeywordLogger</class>
  <method>logMessage</method>
  <thread>1</thread>
  <message>Text ****** has been set on object &amp;apos;Object Repository/TypeOfDevice/Type of device-01/Page_ODTS System/input_ODTS_password&amp;apos;</message>
  <nestedLevel>1</nestedLevel>
</record>
<record>
  <date>2019-03-25T09:36:15</date>
  <millis>1553481375834</millis>
  <sequence>48</sequence>
  <level>END</level>
  <class>com.kms.katalon.core.logging.XmlKeywordLogger</class>
  <method>endKeyword</method>
  <thread>1</thread>
  <message>End action : setEncryptedText(findTestObject(\&amp;quot;TypeOfDevice/Type of device-01/Page_ODTS System/input_ODTS_password\&amp;quot;), \&amp;quot;aeHFOx8jV/A=\&amp;quot;)</message>
  <nestedLevel>1</nestedLevel>
</record>
<record>
  <date>2019-03-25T09:36:15</date>
  <millis>1553481375834</millis>
  <sequence>49</sequence>
  <level>START</level>
  <class>com.kms.katalon.core.logging.XmlKeywordLogger</class>
  <method>startKeyword</method>
  <thread>1</thread>
  <message>Start action : click(findTestObject(\&amp;quot;TypeOfDevice/Type of device-01/Page_ODTS System/button_ng Nhp\&amp;quot;))</message>
  <nestedLevel>1</nestedLevel>
  <property name="startLine">17</property>
  <property name="stepIndex">5</property>
</record>
<record>
  <date>2019-03-25T09:36:16</date>
  <millis>1553481376007</millis>
  <sequence>56</sequence>
  <level>PASSED</level>
  <class>com.kms.katalon.core.logging.XmlKeywordLogger</class>
  <method>logMessage</method>
  <thread>1</thread>
  <message>Object: &amp;apos;Object Repository/TypeOfDevice/Type of device-01/Page_ODTS System/button_ng Nhp&amp;apos; is clicked on</message>
  <nestedLevel>1</nestedLevel>
</record>
<record>
  <date>2019-03-25T09:36:16</date>
  <millis>1553481376008</millis>
  <sequence>57</sequence>
  <level>END</level>
  <class>com.kms.katalon.core.logging.XmlKeywordLogger</class>
  <method>endKeyword</method>
  <thread>1</thread>
  <message>End action : click(findTestObject(\&amp;quot;TypeOfDevice/Type of device-01/Page_ODTS System/button_ng Nhp\&amp;quot;))</message>
  <nestedLevel>1</nestedLevel>
</record>
<record>
  <date>2019-03-25T09:36:16</date>
  <millis>1553481376008</millis>
  <sequence>58</sequence>
  <level>START</level>
  <class>com.kms.katalon.core.logging.XmlKeywordLogger</class>
  <method>startKeyword</method>
  <thread>1</thread>
  <message>Start action : click(findTestObject(\&amp;quot;TypeOfDevice/Type of device-01/Page_ODTS System/a_Loi Thit B\&amp;quot;))</message>
  <nestedLevel>1</nestedLevel>
  <property name="startLine">19</property>
  <property name="stepIndex">6</property>
</record>
<record>
  <date>2019-03-25T09:36:20</date>
  <millis>1553481380027</millis>
  <sequence>65</sequence>
  <level>PASSED</level>
  <class>com.kms.katalon.core.logging.XmlKeywordLogger</class>
  <method>logMessage</method>
  <thread>1</thread>
  <message>Object: &amp;apos;Object Repository/TypeOfDevice/Type of device-01/Page_ODTS System/a_Loi Thit B&amp;apos; is clicked on</message>
  <nestedLevel>1</nestedLevel>
</record>
<record>
  <date>2019-03-25T09:36:20</date>
  <millis>1553481380028</millis>
  <sequence>66</sequence>
  <level>END</level>
  <class>com.kms.katalon.core.logging.XmlKeywordLogger</class>
  <method>endKeyword</method>
  <thread>1</thread>
  <message>End action : click(findTestObject(\&amp;quot;TypeOfDevice/Type of device-01/Page_ODTS System/a_Loi Thit B\&amp;quot;))</message>
  <nestedLevel>1</nestedLevel>
</record>
<record>
  <date>2019-03-25T09:36:20</date>
  <millis>1553481380029</millis>
  <sequence>67</sequence>
  <level>START</level>
  <class>com.kms.katalon.core.logging.XmlKeywordLogger</class>
  <method>startKeyword</method>
  <thread>1</thread>
  <message>Start action : waitForAlert(1)</message>
  <nestedLevel>1</nestedLevel>
  <property name="startLine">21</property>
  <property name="stepIndex">7</property>
</record>
<record>
  <date>2019-03-25T09:36:21</date>
  <millis>1553481381316</millis>
  <sequence>69</sequence>
  <level>WARNING</level>
  <class>com.kms.katalon.core.logging.XmlKeywordLogger</class>
  <method>logMessage</method>
  <thread>1</thread>
  <message>No alert found after 1 second(s).</message>
  <nestedLevel>1</nestedLevel>
</record>
<record>
  <date>2019-03-25T09:36:21</date>
  <millis>1553481381317</millis>
  <sequence>70</sequence>
  <level>END</level>
  <class>com.kms.katalon.core.logging.XmlKeywordLogger</class>
  <method>endKeyword</method>
  <thread>1</thread>
  <message>End action : waitForAlert(1)</message>
  <nestedLevel>1</nestedLevel>
</record>
<record>
  <date>2019-03-25T09:36:21</date>
  <millis>1553481381317</millis>
  <sequence>71</sequence>
  <level>START</level>
  <class>com.kms.katalon.core.logging.XmlKeywordLogger</class>
  <method>startKeyword</method>
  <thread>1</thread>
  <message>Start action : click(findTestObject(\&amp;quot;TypeOfDevice/Type of device-01/Page_ODTS System/font_To Loi Thit B\&amp;quot;))</message>
  <nestedLevel>1</nestedLevel>
  <property name="startLine">23</property>
  <property name="stepIndex">8</property>
</record>
<record>
  <date>2019-03-25T09:36:21</date>
  <millis>1553481381505</millis>
  <sequence>78</sequence>
  <level>PASSED</level>
  <class>com.kms.katalon.core.logging.XmlKeywordLogger</class>
  <method>logMessage</method>
  <thread>1</thread>
  <message>Object: &amp;apos;Object Repository/TypeOfDevice/Type of device-01/Page_ODTS System/font_To Loi Thit B&amp;apos; is clicked on</message>
  <nestedLevel>1</nestedLevel>
</record>
<record>
  <date>2019-03-25T09:36:21</date>
  <millis>1553481381506</millis>
  <sequence>79</sequence>
  <level>END</level>
  <class>com.kms.katalon.core.logging.XmlKeywordLogger</class>
  <method>endKeyword</method>
  <thread>1</thread>
  <message>End action : click(findTestObject(\&amp;quot;TypeOfDevice/Type of device-01/Page_ODTS System/font_To Loi Thit B\&amp;quot;))</message>
  <nestedLevel>1</nestedLevel>
</record>
<record>
  <date>2019-03-25T09:36:21</date>
  <millis>1553481381507</millis>
  <sequence>80</sequence>
  <level>START</level>
  <class>com.kms.katalon.core.logging.XmlKeywordLogger</class>
  <method>startKeyword</method>
  <thread>1</thread>
  <message>Start action : waitForAlert(1)</message>
  <nestedLevel>1</nestedLevel>
  <property name="startLine">25</property>
  <property name="stepIndex">9</property>
</record>
<record>
  <date>2019-03-25T09:36:22</date>
  <millis>1553481382530</millis>
  <sequence>82</sequence>
  <level>WARNING</level>
  <class>com.kms.katalon.core.logging.XmlKeywordLogger</class>
  <method>logMessage</method>
  <thread>1</thread>
  <message>No alert found after 1 second(s).</message>
  <nestedLevel>1</nestedLevel>
</record>
<record>
  <date>2019-03-25T09:36:22</date>
  <millis>1553481382531</millis>
  <sequence>83</sequence>
  <level>END</level>
  <class>com.kms.katalon.core.logging.XmlKeywordLogger</class>
  <method>endKeyword</method>
  <thread>1</thread>
  <message>End action : waitForAlert(1)</message>
  <nestedLevel>1</nestedLevel>
</record>
<record>
  <date>2019-03-25T09:36:22</date>
  <millis>1553481382531</millis>
  <sequence>84</sequence>
  <level>START</level>
  <class>com.kms.katalon.core.logging.XmlKeywordLogger</class>
  <method>startKeyword</method>
  <thread>1</thread>
  <message>Start action : setText(findTestObject(\&amp;quot;TypeOfDevice/Type of device-01/Page_ODTS System/input_Tn Loi Thit B_dtNameCrea\&amp;quot;), \&amp;quot;anhtest\&amp;quot;)</message>
  <nestedLevel>1</nestedLevel>
  <property name="startLine">27</property>
  <property name="stepIndex">10</property>
</record>
<record>
  <date>2019-03-25T09:36:22</date>
  <millis>1553481382714</millis>
  <sequence>96</sequence>
  <level>PASSED</level>
  <class>com.kms.katalon.core.logging.XmlKeywordLogger</class>
  <method>logMessage</method>
  <thread>1</thread>
  <message>Text &amp;apos;anhtest&amp;apos; is set on object &amp;apos;Object Repository/TypeOfDevice/Type of device-01/Page_ODTS System/input_Tn Loi Thit B_dtNameCrea&amp;apos;</message>
  <nestedLevel>1</nestedLevel>
</record>
<record>
  <date>2019-03-25T09:36:22</date>
  <millis>1553481382715</millis>
  <sequence>97</sequence>
  <level>END</level>
  <class>com.kms.katalon.core.logging.XmlKeywordLogger</class>
  <method>endKeyword</method>
  <thread>1</thread>
  <message>End action : setText(findTestObject(\&amp;quot;TypeOfDevice/Type of device-01/Page_ODTS System/input_Tn Loi Thit B_dtNameCrea\&amp;quot;), \&amp;quot;anhtest\&amp;quot;)</message>
  <nestedLevel>1</nestedLevel>
</record>
<record>
  <date>2019-03-25T09:36:22</date>
  <millis>1553481382715</millis>
  <sequence>98</sequence>
  <level>START</level>
  <class>com.kms.katalon.core.logging.XmlKeywordLogger</class>
  <method>startKeyword</method>
  <thread>1</thread>
  <message>Start action : waitForAlert(1)</message>
  <nestedLevel>1</nestedLevel>
  <property name="startLine">29</property>
  <property name="stepIndex">11</property>
</record>
<record>
  <date>2019-03-25T09:36:23</date>
  <millis>1553481383754</millis>
  <sequence>100</sequence>
  <level>WARNING</level>
  <class>com.kms.katalon.core.logging.XmlKeywordLogger</class>
  <method>logMessage</method>
  <thread>1</thread>
  <message>No alert found after 1 second(s).</message>
  <nestedLevel>1</nestedLevel>
</record>
<record>
  <date>2019-03-25T09:36:23</date>
  <millis>1553481383754</millis>
  <sequence>101</sequence>
  <level>END</level>
  <class>com.kms.katalon.core.logging.XmlKeywordLogger</class>
  <method>endKeyword</method>
  <thread>1</thread>
  <message>End action : waitForAlert(1)</message>
  <nestedLevel>1</nestedLevel>
</record>
<record>
  <date>2019-03-25T09:36:23</date>
  <millis>1553481383754</millis>
  <sequence>102</sequence>
  <level>START</level>
  <class>com.kms.katalon.core.logging.XmlKeywordLogger</class>
  <method>startKeyword</method>
  <thread>1</thread>
  <message>Start action : click(findTestObject(\&amp;quot;TypeOfDevice/Type of device-01/Page_ODTS System/span_--Chn Loi Dch V--\&amp;quot;))</message>
  <nestedLevel>1</nestedLevel>
  <property name="startLine">31</property>
  <property name="stepIndex">12</property>
</record>
<record>
  <date>2019-03-25T09:36:24</date>
  <millis>1553481384144</millis>
  <sequence>109</sequence>
  <level>FAILED</level>
  <class>com.kms.katalon.core.logging.XmlKeywordLogger</class>
  <method>logMessage</method>
  <thread>1</thread>
  <message>Unable to click on object &amp;apos;Object Repository/TypeOfDevice/Type of device-01/Page_ODTS System/span_--Chn Loi Dch V--&amp;apos;</message>
  <nestedLevel>1</nestedLevel>
  <property name="attachment">1553481383825.png</property>
</record>
<record>
  <date>2019-03-25T09:36:24</date>
  <millis>1553481384145</millis>
  <sequence>110</sequence>
  <level>END</level>
  <class>com.kms.katalon.core.logging.XmlKeywordLogger</class>
  <method>endKeyword</method>
  <thread>1</thread>
  <message>End action : click(findTestObject(\&amp;quot;TypeOfDevice/Type of device-01/Page_ODTS System/span_--Chn Loi Dch V--\&amp;quot;))</message>
  <nestedLevel>1</nestedLevel>
</record>
<record>
  <date>2019-03-25T09:36:24</date>
  <millis>1553481384145</millis>
  <sequence>111</sequence>
  <level>START</level>
  <class>com.kms.katalon.core.logging.XmlKeywordLogger</class>
  <method>startKeyword</method>
  <thread>1</thread>
  <message>Start action : setText(findTestObject(\&amp;quot;TypeOfDevice/Type of device-01/Page_ODTS System/input_ng_select2-search__field\&amp;quot;), \&amp;quot;CAMERA\&amp;quot;)</message>
  <nestedLevel>1</nestedLevel>
  <property name="startLine">33</property>
  <property name="stepIndex">13</property>
</record>
<record>
  <date>2019-03-25T09:36:24</date>
  <millis>1553481384571</millis>
  <sequence>119</sequence>
  <level>FAILED</level>
  <class>com.kms.katalon.core.logging.XmlKeywordLogger</class>
  <method>logMessage</method>
  <thread>1</thread>
  <message>Unable to set text &amp;apos;CAMERA&amp;apos; of object &amp;apos;Object Repository/TypeOfDevice/Type of device-01/Page_ODTS System/input_ng_select2-search__field&amp;apos;</message>
  <nestedLevel>1</nestedLevel>
  <property name="attachment">1553481384207.png</property>
</record>
<record>
  <date>2019-03-25T09:36:24</date>
  <millis>1553481384572</millis>
  <sequence>120</sequence>
  <level>END</level>
  <class>com.kms.katalon.core.logging.XmlKeywordLogger</class>
  <method>endKeyword</method>
  <thread>1</thread>
  <message>End action : setText(findTestObject(\&amp;quot;TypeOfDevice/Type of device-01/Page_ODTS System/input_ng_select2-search__field\&amp;quot;), \&amp;quot;CAMERA\&amp;quot;)</message>
  <nestedLevel>1</nestedLevel>
</record>
<record>
  <date>2019-03-25T09:36:24</date>
  <millis>1553481384572</millis>
  <sequence>121</sequence>
  <level>START</level>
  <class>com.kms.katalon.core.logging.XmlKeywordLogger</class>
  <method>startKeyword</method>
  <thread>1</thread>
  <message>Start action : sendKeys(findTestObject(\&amp;quot;TypeOfDevice/Type of device-01/Page_ODTS System/input_ng_select2-search__field\&amp;quot;), Keys.chord(ENTER))</message>
  <nestedLevel>1</nestedLevel>
  <property name="startLine">35</property>
  <property name="stepIndex">14</property>
</record>
<record>
  <date>2019-03-25T09:36:24</date>
  <millis>1553481384928</millis>
  <sequence>127</sequence>
  <level>FAILED</level>
  <class>com.kms.katalon.core.logging.XmlKeywordLogger</class>
  <method>logMessage</method>
  <thread>1</thread>
  <message>Unable to send keys &amp;apos;\uE007\uE000&amp;apos; to object &amp;apos;Object Repository/TypeOfDevice/Type of device-01/Page_ODTS System/input_ng_select2-search__field&amp;apos;</message>
  <nestedLevel>1</nestedLevel>
  <property name="attachment">1553481384656.png</property>
</record>
<record>
  <date>2019-03-25T09:36:24</date>
  <millis>1553481384930</millis>
  <sequence>128</sequence>
  <level>END</level>
  <class>com.kms.katalon.core.logging.XmlKeywordLogger</class>
  <method>endKeyword</method>
  <thread>1</thread>
  <message>End action : sendKeys(findTestObject(\&amp;quot;TypeOfDevice/Type of device-01/Page_ODTS System/input_ng_select2-search__field\&amp;quot;), Keys.chord(ENTER))</message>
  <nestedLevel>1</nestedLevel>
</record>
<record>
  <date>2019-03-25T09:36:24</date>
  <millis>1553481384930</millis>
  <sequence>129</sequence>
  <level>START</level>
  <class>com.kms.katalon.core.logging.XmlKeywordLogger</class>
  <method>startKeyword</method>
  <thread>1</thread>
  <message>Start action : waitForAlert(1)</message>
  <nestedLevel>1</nestedLevel>
  <property name="startLine">38</property>
  <property name="stepIndex">15</property>
</record>
<record>
  <date>2019-03-25T09:36:25</date>
  <millis>1553481385959</millis>
  <sequence>131</sequence>
  <level>WARNING</level>
  <class>com.kms.katalon.core.logging.XmlKeywordLogger</class>
  <method>logMessage</method>
  <thread>1</thread>
  <message>No alert found after 1 second(s).</message>
  <nestedLevel>1</nestedLevel>
</record>
<record>
  <date>2019-03-25T09:36:25</date>
  <millis>1553481385961</millis>
  <sequence>132</sequence>
  <level>END</level>
  <class>com.kms.katalon.core.logging.XmlKeywordLogger</class>
  <method>endKeyword</method>
  <thread>1</thread>
  <message>End action : waitForAlert(1)</message>
  <nestedLevel>1</nestedLevel>
</record>
<record>
  <date>2019-03-25T09:36:25</date>
  <millis>1553481385961</millis>
  <sequence>133</sequence>
  <level>START</level>
  <class>com.kms.katalon.core.logging.XmlKeywordLogger</class>
  <method>startKeyword</method>
  <thread>1</thread>
  <message>Start action : setText(findTestObject(\&amp;quot;TypeOfDevice/Type of device-01/Page_ODTS System/input_M T Loi Thit B_dtDescrip\&amp;quot;), \&amp;quot;hihi\&amp;quot;)</message>
  <nestedLevel>1</nestedLevel>
  <property name="startLine">40</property>
  <property name="stepIndex">16</property>
</record>
<record>
  <date>2019-03-25T09:36:26</date>
  <millis>1553481386103</millis>
  <sequence>145</sequence>
  <level>PASSED</level>
  <class>com.kms.katalon.core.logging.XmlKeywordLogger</class>
  <method>logMessage</method>
  <thread>1</thread>
  <message>Text &amp;apos;hihi&amp;apos; is set on object &amp;apos;Object Repository/TypeOfDevice/Type of device-01/Page_ODTS System/input_M T Loi Thit B_dtDescrip&amp;apos;</message>
  <nestedLevel>1</nestedLevel>
</record>
<record>
  <date>2019-03-25T09:36:26</date>
  <millis>1553481386104</millis>
  <sequence>146</sequence>
  <level>END</level>
  <class>com.kms.katalon.core.logging.XmlKeywordLogger</class>
  <method>endKeyword</method>
  <thread>1</thread>
  <message>End action : setText(findTestObject(\&amp;quot;TypeOfDevice/Type of device-01/Page_ODTS System/input_M T Loi Thit B_dtDescrip\&amp;quot;), \&amp;quot;hihi\&amp;quot;)</message>
  <nestedLevel>1</nestedLevel>
</record>
<record>
  <date>2019-03-25T09:36:26</date>
  <millis>1553481386104</millis>
  <sequence>147</sequence>
  <level>START</level>
  <class>com.kms.katalon.core.logging.XmlKeywordLogger</class>
  <method>startKeyword</method>
  <thread>1</thread>
  <message>Start action : CDATE = SimpleDateFormat(dd/MM/yyyy).format(getInstance().getTime())</message>
  <nestedLevel>1</nestedLevel>
  <property name="startLine">42</property>
  <property name="stepIndex">17</property>
</record>
<record>
  <date>2019-03-25T09:36:26</date>
  <millis>1553481386148</millis>
  <sequence>148</sequence>
  <level>END</level>
  <class>com.kms.katalon.core.logging.XmlKeywordLogger</class>
  <method>endKeyword</method>
  <thread>1</thread>
  <message>End action : CDATE = SimpleDateFormat(dd/MM/yyyy).format(getInstance().getTime())</message>
  <nestedLevel>1</nestedLevel>
</record>
<record>
  <date>2019-03-25T09:36:26</date>
  <millis>1553481386148</millis>
  <sequence>149</sequence>
  <level>START</level>
  <class>com.kms.katalon.core.logging.XmlKeywordLogger</class>
  <method>startKeyword</method>
  <thread>1</thread>
  <message>Start action : writer = null</message>
  <nestedLevel>1</nestedLevel>
  <property name="startLine">45</property>
  <property name="stepIndex">18</property>
</record>
<record>
  <date>2019-03-25T09:36:26</date>
  <millis>1553481386152</millis>
  <sequence>150</sequence>
  <level>END</level>
  <class>com.kms.katalon.core.logging.XmlKeywordLogger</class>
  <method>endKeyword</method>
  <thread>1</thread>
  <message>End action : writer = null</message>
  <nestedLevel>1</nestedLevel>
</record>
<record>
  <date>2019-03-25T09:36:26</date>
  <millis>1553481386152</millis>
  <sequence>151</sequence>
  <level>START</level>
  <class>com.kms.katalon.core.logging.XmlKeywordLogger</class>
  <method>startKeyword</method>
  <thread>1</thread>
  <message>Start action : writer2 = null</message>
  <nestedLevel>1</nestedLevel>
  <property name="startLine">45</property>
  <property name="stepIndex">19</property>
</record>
<record>
  <date>2019-03-25T09:36:26</date>
  <millis>1553481386153</millis>
  <sequence>152</sequence>
  <level>END</level>
  <class>com.kms.katalon.core.logging.XmlKeywordLogger</class>
  <method>endKeyword</method>
  <thread>1</thread>
  <message>End action : writer2 = null</message>
  <nestedLevel>1</nestedLevel>
</record>
<record>
  <date>2019-03-25T09:36:26</date>
  <millis>1553481386153</millis>
  <sequence>153</sequence>
  <level>START</level>
  <class>com.kms.katalon.core.logging.XmlKeywordLogger</class>
  <method>startKeyword</method>
  <thread>1</thread>
  <message>Start action : try</message>
  <nestedLevel>1</nestedLevel>
  <property name="startLine">47</property>
  <property name="stepIndex">20</property>
</record>
<record>
  <date>2019-03-25T09:36:26</date>
  <millis>1553481386154</millis>
  <sequence>154</sequence>
  <level>START</level>
  <class>com.kms.katalon.core.logging.XmlKeywordLogger</class>
  <method>startKeyword</method>
  <thread>1</thread>
  <message>Start action : writer = new java.io.BufferedWriter(new java.io.OutputStreamWriter(new java.io.FileOutputStream(C:\\Users\\pc\\HelpdeskAutomation\\creDateTypeOfDevice.txt), utf-8))</message>
  <nestedLevel>2</nestedLevel>
  <property name="startLine">48</property>
  <property name="stepIndex">1</property>
</record>
<record>
  <date>2019-03-25T09:36:26</date>
  <millis>1553481386181</millis>
  <sequence>155</sequence>
  <level>END</level>
  <class>com.kms.katalon.core.logging.XmlKeywordLogger</class>
  <method>endKeyword</method>
  <thread>1</thread>
  <message>End action : writer = new java.io.BufferedWriter(new java.io.OutputStreamWriter(new java.io.FileOutputStream(C:\\Users\\pc\\HelpdeskAutomation\\creDateTypeOfDevice.txt), utf-8))</message>
  <nestedLevel>2</nestedLevel>
</record>
<record>
  <date>2019-03-25T09:36:26</date>
  <millis>1553481386181</millis>
  <sequence>156</sequence>
  <level>START</level>
  <class>com.kms.katalon.core.logging.XmlKeywordLogger</class>
  <method>startKeyword</method>
  <thread>1</thread>
  <message>Start action : writer.write(CDATE)</message>
  <nestedLevel>2</nestedLevel>
  <property name="startLine">50</property>
  <property name="stepIndex">2</property>
</record>
<record>
  <date>2019-03-25T09:36:26</date>
  <millis>1553481386186</millis>
  <sequence>157</sequence>
  <level>END</level>
  <class>com.kms.katalon.core.logging.XmlKeywordLogger</class>
  <method>endKeyword</method>
  <thread>1</thread>
  <message>End action : writer.write(CDATE)</message>
  <nestedLevel>2</nestedLevel>
</record>
<record>
  <date>2019-03-25T09:36:26</date>
  <millis>1553481386186</millis>
  <sequence>158</sequence>
  <level>START</level>
  <class>com.kms.katalon.core.logging.XmlKeywordLogger</class>
  <method>startKeyword</method>
  <thread>1</thread>
  <message>Start action : writer2 = new java.io.BufferedWriter(new java.io.OutputStreamWriter(new java.io.FileOutputStream(C:\\Users\\pc\\HelpdeskAutomation\\upDateTypeOfDevice.txt), utf-8))</message>
  <nestedLevel>2</nestedLevel>
  <property name="startLine">53</property>
  <property name="stepIndex">3</property>
</record>
<record>
  <date>2019-03-25T09:36:26</date>
  <millis>1553481386187</millis>
  <sequence>159</sequence>
  <level>END</level>
  <class>com.kms.katalon.core.logging.XmlKeywordLogger</class>
  <method>endKeyword</method>
  <thread>1</thread>
  <message>End action : writer2 = new java.io.BufferedWriter(new java.io.OutputStreamWriter(new java.io.FileOutputStream(C:\\Users\\pc\\HelpdeskAutomation\\upDateTypeOfDevice.txt), utf-8))</message>
  <nestedLevel>2</nestedLevel>
</record>
<record>
  <date>2019-03-25T09:36:26</date>
  <millis>1553481386188</millis>
  <sequence>160</sequence>
  <level>START</level>
  <class>com.kms.katalon.core.logging.XmlKeywordLogger</class>
  <method>startKeyword</method>
  <thread>1</thread>
  <message>Start action : writer2.write(CDATE)</message>
  <nestedLevel>2</nestedLevel>
  <property name="startLine">55</property>
  <property name="stepIndex">4</property>
</record>
<record>
  <date>2019-03-25T09:36:26</date>
  <millis>1553481386207</millis>
  <sequence>161</sequence>
  <level>END</level>
  <class>com.kms.katalon.core.logging.XmlKeywordLogger</class>
  <method>endKeyword</method>
  <thread>1</thread>
  <message>End action : writer2.write(CDATE)</message>
  <nestedLevel>2</nestedLevel>
</record>
<record>
  <date>2019-03-25T09:36:26</date>
  <millis>1553481386217</millis>
  <sequence>162</sequence>
  <level>END</level>
  <class>com.kms.katalon.core.logging.XmlKeywordLogger</class>
  <method>endKeyword</method>
  <thread>1</thread>
  <message>End action : try</message>
  <nestedLevel>1</nestedLevel>
</record>
<record>
  <date>2019-03-25T09:36:26</date>
  <millis>1553481386220</millis>
  <sequence>163</sequence>
  <level>START</level>
  <class>com.kms.katalon.core.logging.XmlKeywordLogger</class>
  <method>startKeyword</method>
  <thread>1</thread>
  <message>Start action : Finally</message>
  <nestedLevel>1</nestedLevel>
  <property name="startLine">59</property>
  <property name="stepIndex">22</property>
</record>
<record>
  <date>2019-03-25T09:36:26</date>
  <millis>1553481386224</millis>
  <sequence>164</sequence>
  <level>START</level>
  <class>com.kms.katalon.core.logging.XmlKeywordLogger</class>
  <method>startKeyword</method>
  <thread>1</thread>
  <message>Start action : try</message>
  <nestedLevel>3</nestedLevel>
  <property name="startLine">60</property>
  <property name="stepIndex">1</property>
</record>
<record>
  <date>2019-03-25T09:36:26</date>
  <millis>1553481386228</millis>
  <sequence>165</sequence>
  <level>START</level>
  <class>com.kms.katalon.core.logging.XmlKeywordLogger</class>
  <method>startKeyword</method>
  <thread>1</thread>
  <message>Start action : writer.close()</message>
  <nestedLevel>4</nestedLevel>
  <property name="startLine">60</property>
  <property name="stepIndex">1</property>
</record>
<record>
  <date>2019-03-25T09:36:26</date>
  <millis>1553481386253</millis>
  <sequence>166</sequence>
  <level>END</level>
  <class>com.kms.katalon.core.logging.XmlKeywordLogger</class>
  <method>endKeyword</method>
  <thread>1</thread>
  <message>End action : writer.close()</message>
  <nestedLevel>4</nestedLevel>
</record>
<record>
  <date>2019-03-25T09:36:26</date>
  <millis>1553481386254</millis>
  <sequence>167</sequence>
  <level>START</level>
  <class>com.kms.katalon.core.logging.XmlKeywordLogger</class>
  <method>startKeyword</method>
  <thread>1</thread>
  <message>Start action : writer2.close()</message>
  <nestedLevel>4</nestedLevel>
  <property name="startLine">60</property>
  <property name="stepIndex">2</property>
</record>
<record>
  <date>2019-03-25T09:36:26</date>
  <millis>1553481386263</millis>
  <sequence>168</sequence>
  <level>END</level>
  <class>com.kms.katalon.core.logging.XmlKeywordLogger</class>
  <method>endKeyword</method>
  <thread>1</thread>
  <message>End action : writer2.close()</message>
  <nestedLevel>4</nestedLevel>
</record>
<record>
  <date>2019-03-25T09:36:26</date>
  <millis>1553481386266</millis>
  <sequence>169</sequence>
  <level>END</level>
  <class>com.kms.katalon.core.logging.XmlKeywordLogger</class>
  <method>endKeyword</method>
  <thread>1</thread>
  <message>End action : try</message>
  <nestedLevel>3</nestedLevel>
</record>
<record>
  <date>2019-03-25T09:36:26</date>
  <millis>1553481386266</millis>
  <sequence>170</sequence>
  <level>END</level>
  <class>com.kms.katalon.core.logging.XmlKeywordLogger</class>
  <method>endKeyword</method>
  <thread>1</thread>
  <message>End action : Finally</message>
  <nestedLevel>1</nestedLevel>
</record>
<record>
  <date>2019-03-25T09:36:26</date>
  <millis>1553481386267</millis>
  <sequence>171</sequence>
  <level>START</level>
  <class>com.kms.katalon.core.logging.XmlKeywordLogger</class>
  <method>startKeyword</method>
  <thread>1</thread>
  <message>Start action : waitForAlert(1)</message>
  <nestedLevel>1</nestedLevel>
  <property name="startLine">63</property>
  <property name="stepIndex">23</property>
</record>
<record>
  <date>2019-03-25T09:36:27</date>
  <millis>1553481387292</millis>
  <sequence>173</sequence>
  <level>WARNING</level>
  <class>com.kms.katalon.core.logging.XmlKeywordLogger</class>
  <method>logMessage</method>
  <thread>1</thread>
  <message>No alert found after 1 second(s).</message>
  <nestedLevel>1</nestedLevel>
</record>
<record>
  <date>2019-03-25T09:36:27</date>
  <millis>1553481387293</millis>
  <sequence>174</sequence>
  <level>END</level>
  <class>com.kms.katalon.core.logging.XmlKeywordLogger</class>
  <method>endKeyword</method>
  <thread>1</thread>
  <message>End action : waitForAlert(1)</message>
  <nestedLevel>1</nestedLevel>
</record>
<record>
  <date>2019-03-25T09:36:27</date>
  <millis>1553481387294</millis>
  <sequence>175</sequence>
  <level>START</level>
  <class>com.kms.katalon.core.logging.XmlKeywordLogger</class>
  <method>startKeyword</method>
  <thread>1</thread>
  <message>Start action : click(findTestObject(\&amp;quot;TypeOfDevice/Type of device-01/Page_ODTS System/button_To Mi\&amp;quot;))</message>
  <nestedLevel>1</nestedLevel>
  <property name="startLine">65</property>
  <property name="stepIndex">24</property>
</record>
<record>
  <date>2019-03-25T09:36:27</date>
  <millis>1553481387430</millis>
  <sequence>182</sequence>
  <level>PASSED</level>
  <class>com.kms.katalon.core.logging.XmlKeywordLogger</class>
  <method>logMessage</method>
  <thread>1</thread>
  <message>Object: &amp;apos;Object Repository/TypeOfDevice/Type of device-01/Page_ODTS System/button_To Mi&amp;apos; is clicked on</message>
  <nestedLevel>1</nestedLevel>
</record>
<record>
  <date>2019-03-25T09:36:27</date>
  <millis>1553481387431</millis>
  <sequence>183</sequence>
  <level>END</level>
  <class>com.kms.katalon.core.logging.XmlKeywordLogger</class>
  <method>endKeyword</method>
  <thread>1</thread>
  <message>End action : click(findTestObject(\&amp;quot;TypeOfDevice/Type of device-01/Page_ODTS System/button_To Mi\&amp;quot;))</message>
  <nestedLevel>1</nestedLevel>
</record>
<record>
  <date>2019-03-25T09:36:27</date>
  <millis>1553481387431</millis>
  <sequence>184</sequence>
  <level>START</level>
  <class>com.kms.katalon.core.logging.XmlKeywordLogger</class>
  <method>startKeyword</method>
  <thread>1</thread>
  <message>Start action : waitForAlert(1)</message>
  <nestedLevel>1</nestedLevel>
  <property name="startLine">67</property>
  <property name="stepIndex">25</property>
</record>
<record>
  <date>2019-03-25T09:36:28</date>
  <millis>1553481388454</millis>
  <sequence>186</sequence>
  <level>WARNING</level>
  <class>com.kms.katalon.core.logging.XmlKeywordLogger</class>
  <method>logMessage</method>
  <thread>1</thread>
  <message>No alert found after 1 second(s).</message>
  <nestedLevel>1</nestedLevel>
</record>
<record>
  <date>2019-03-25T09:36:28</date>
  <millis>1553481388456</millis>
  <sequence>187</sequence>
  <level>END</level>
  <class>com.kms.katalon.core.logging.XmlKeywordLogger</class>
  <method>endKeyword</method>
  <thread>1</thread>
  <message>End action : waitForAlert(1)</message>
  <nestedLevel>1</nestedLevel>
</record>
<record>
  <date>2019-03-25T09:36:28</date>
  <millis>1553481388458</millis>
  <sequence>188</sequence>
  <level>START</level>
  <class>com.kms.katalon.core.logging.XmlKeywordLogger</class>
  <method>startKeyword</method>
  <thread>1</thread>
  <message>Start action : click(findTestObject(\&amp;quot;TypeOfDevice/Type of device-01/Page_ODTS System/button_OK\&amp;quot;))</message>
  <nestedLevel>1</nestedLevel>
  <property name="startLine">69</property>
  <property name="stepIndex">26</property>
</record>
<record>
  <date>2019-03-25T09:36:59</date>
  <millis>1553481419489</millis>
  <sequence>193</sequence>
  <level>INFO</level>
  <class>com.kms.katalon.core.logging.XmlKeywordLogger</class>
  <method>logMessage</method>
  <thread>1</thread>
  <message>Unable to find the element located by &amp;apos;By.xpath: /html[@class=&amp;apos;swal2-shown&amp;apos;]/body[@class=&amp;apos;skin-blue sidebar-mini swal2-shown&amp;apos;]/div[@class=&amp;apos;swal2-container swal2-center swal2-fade swal2-shown&amp;apos;]/div[@class=&amp;apos;swal2-modal swal2-show&amp;apos;]/div[@class=&amp;apos;swal2-buttonswrapper&amp;apos;]/button[@class=&amp;apos;swal2-confirm swal2-styled&amp;apos;]&amp;apos;. Please recheck the objects properties to make sure the desired element is located. </message>
  <nestedLevel>1</nestedLevel>
</record>
<record>
  <date>2019-03-25T09:36:59</date>
  <millis>1553481419847</millis>
  <sequence>194</sequence>
  <level>FAILED</level>
  <class>com.kms.katalon.core.logging.XmlKeywordLogger</class>
  <method>logMessage</method>
  <thread>1</thread>
  <message>Unable to click on object &amp;apos;Object Repository/TypeOfDevice/Type of device-01/Page_ODTS System/button_OK&amp;apos;</message>
  <nestedLevel>1</nestedLevel>
  <property name="attachment">1553481419492.png</property>
</record>
<record>
  <date>2019-03-25T09:36:59</date>
  <millis>1553481419848</millis>
  <sequence>195</sequence>
  <level>END</level>
  <class>com.kms.katalon.core.logging.XmlKeywordLogger</class>
  <method>endKeyword</method>
  <thread>1</thread>
  <message>End action : click(findTestObject(\&amp;quot;TypeOfDevice/Type of device-01/Page_ODTS System/button_OK\&amp;quot;))</message>
  <nestedLevel>1</nestedLevel>
</record>
<record>
  <date>2019-03-25T09:36:59</date>
  <millis>1553481419848</millis>
  <sequence>196</sequence>
  <level>START</level>
  <class>com.kms.katalon.core.logging.XmlKeywordLogger</class>
  <method>startKeyword</method>
  <thread>1</thread>
  <message>Start action : waitForAlert(1)</message>
  <nestedLevel>1</nestedLevel>
  <property name="startLine">71</property>
  <property name="stepIndex">27</property>
</record>
<record>
  <date>2019-03-25T09:37:00</date>
  <millis>1553481420877</millis>
  <sequence>198</sequence>
  <level>WARNING</level>
  <class>com.kms.katalon.core.logging.XmlKeywordLogger</class>
  <method>logMessage</method>
  <thread>1</thread>
  <message>No alert found after 1 second(s).</message>
  <nestedLevel>1</nestedLevel>
</record>
<record>
  <date>2019-03-25T09:37:00</date>
  <millis>1553481420878</millis>
  <sequence>199</sequence>
  <level>END</level>
  <class>com.kms.katalon.core.logging.XmlKeywordLogger</class>
  <method>endKeyword</method>
  <thread>1</thread>
  <message>End action : waitForAlert(1)</message>
  <nestedLevel>1</nestedLevel>
</record>
<record>
  <date>2019-03-25T09:37:00</date>
  <millis>1553481420878</millis>
  <sequence>200</sequence>
  <level>START</level>
  <class>com.kms.katalon.core.logging.XmlKeywordLogger</class>
  <method>startKeyword</method>
  <thread>1</thread>
  <message>Start action : click(findTestObject(\&amp;quot;TypeOfDevice/Type of device-01/Page_ODTS System/fieldSearch\&amp;quot;))</message>
  <nestedLevel>1</nestedLevel>
  <property name="startLine">73</property>
  <property name="stepIndex">28</property>
</record>
